BackupDataSet ist "bak2"

[0;44mImport the Backup-Device[0;0m
[0;32mDone[0;0m at 2020-01-15 00:09:53

[0;32mSuccessful:[0;0m Enough place on BackupPool (backup has 3102,8 GB (3102825979904 Bytes) left, there is 453,3 GB (453340000256 Bytes) to be backedUp)   

[0;44mDestroy old Backup Snapshot[0;0m
[0;31mError:[0;0m Unable to destroy the old Snapshot. -> exit 
[0;31mError:[0;0m Unable to destroy the old Snapshot. -> exit 
[0;31mError:[0;0m Unable to destroy the old Snapshot. -> exit 
[0;31mError:[0;0m Unable to destroy the old Snapshot. -> exit 

[0;44mCreate current Snapshot to replicate[0;0m
[0;32mDone[0;0m at 2020-01-15 00:09:56, created data/home/lukas@replication
[0;32mDone[0;0m at 2020-01-15 00:09:56, created data/daten@replication
[0;32mDone[0;0m at 2020-01-15 00:09:56, created data/daten/downloads@replication
[0;32mDone[0;0m at 2020-01-15 00:09:56, created data/daten/filme@replication

[0;44mStart Replication[0;0m



              capacity     operations     bandwidth 
pool        alloc   free   read  write   read  write
----------  -----  -----  -----  -----  -----  -----
backup      1,10T  2,53T     46     67   336K   639K
data         458G   470G      4     31  68,3K   352K
----------  -----  -----  -----  -----  -----  -----
Replicate data/home/lukas@replication > backup/bak2/home/lukas
Do [0;31mnot[0;0m interrupt this process!!!
To watch the progress run "watch sudo zpool iostat" in a extra terminal
[0;32mDone[0;0m at 2020-01-15 00:31:23, data/home/lukas@replication > backup/bak2/home/lukas




              capacity     operations     bandwidth 
pool        alloc   free   read  write   read  write
----------  -----  -----  -----  -----  -----  -----
backup      1,13T  2,49T      0    180  3,88K  29,4M
data         458G   470G    156     20  23,4M   269K
----------  -----  -----  -----  -----  -----  -----
Replicate data/daten@replication > backup/bak2/daten
Do [0;31mnot[0;0m interrupt this process!!!
To watch the progress run "watch sudo zpool iostat" in a extra terminal
[0;32mDone[0;0m at 2020-01-15 01:53:51, data/daten@replication > backup/bak2/daten




              capacity     operations     bandwidth 
pool        alloc   free   read  write   read  write
----------  -----  -----  -----  -----  -----  -----
backup      1,30T  2,32T      0    204  2,95K  35,3M
data         458G   470G    176     17  33,5M   251K
----------  -----  -----  -----  -----  -----  -----
Replicate data/daten/downloads@replication > backup/bak2/daten/downloads
Do [0;31mnot[0;0m interrupt this process!!!
To watch the progress run "watch sudo zpool iostat" in a extra terminal
[0;32mDone[0;0m at 2020-01-15 03:07:39, data/daten/downloads@replication > backup/bak2/daten/downloads




              capacity     operations     bandwidth 
pool        alloc   free   read  write   read  write
----------  -----  -----  -----  -----  -----  -----
backup      1,32T  2,31T      1    231  13,2K  37,4M
data         458G   470G    199     17  36,2M   249K
----------  -----  -----  -----  -----  -----  -----
Replicate data/daten/filme@replication > backup/bak2/daten/filme
Do [0;31mnot[0;0m interrupt this process!!!
To watch the progress run "watch sudo zpool iostat" in a extra terminal
[0;32mDone[0;0m at 2020-01-15 03:23:05, data/daten/filme@replication > backup/bak2/daten/filme

[0;44mDestroy Source Snapshot: backup/@replication[0;0m
[0;32mDone[0;0m at 2020-01-15 03:23:05, destroyed data/home/lukas@replication
[0;32mDone[0;0m at 2020-01-15 03:23:05, destroyed data/daten@replication
[0;32mDone[0;0m at 2020-01-15 03:23:05, destroyed data/daten/downloads@replication
[0;32mDone[0;0m at 2020-01-15 03:23:05, destroyed data/daten/filme@replication

[0;44mExport Backup device[0;0m
[0;32mDone[0;0m at 2020-01-15 03:23:16, exported backup

All Tasks are [0;32msuccessfully[0;0m done at 2020-01-15 03:23:16
